<?xml version="1.0" encoding="utf-8"?><testsuites name="pytest tests"><testsuite name="pytest" errors="0" failures="0" skipped="0" tests="25" time="74.241" timestamp="2026-08-10T16:18:18.904293+00:00" hostname="agent-env-dc9584fe-6a9c-41ce-a0f9-7d7501c7c05e"><testcase classname="tests.test_court_backend.TestAuth" name="test_register_new_user" time="0.451" /><testcase classname="tests.test_court_backend.TestAuth" name="test_login_existing_user" time="0.507" /><testcase classname="tests.test_court_backend.TestWitnessAsk" name="test_ask_returns_answer[clerk]" time="4.390" /><testcase classname="tests.test_court_backend.TestAuth" name="test_login_invalid_password" time="0.398" /><testcase classname="tests.test_court_backend.TestAuth" name="test_me_returns_user" time="0.598" /><testcase classname="tests.test_court_backend.TestAuth" name="test_me_without_token" time="0.124" /><testcase classname="tests.test_court_backend.TestTrialTurn" name="test_turn_medium_returns_all_fields" time="15.281" /><testcase classname="tests.test_court_backend.TestWitnessAsk" name="test_ask_returns_answer[guard]" time="2.603" /><testcase classname="tests.test_court_backend.TestWitnessAsk" name="test_ask_returns_answer[merchant]" time="2.532" /><testcase classname="tests.test_court_backend.TestWitnessAsk" name="test_ask_empty_rejected" time="0.153" /><testcase classname="tests.test_court_backend.TestWitnessAsk" name="test_ask_requires_auth" time="0.110" /><testcase classname="tests.test_court_backend.TestBalance" name="test_compute_suspicion_medium" time="0.001" /><testcase classname="tests.test_court_backend.TestBalance" name="test_compute_suspicion_waytooasy" time="0.000" /><testcase classname="tests.test_court_backend.TestBalance" name="test_compute_suspicion_impossible" time="0.000" /><testcase classname="tests.test_court_backend.TestWitnessResolve" name="test_resolve_medium_balance_and_shape" time="15.970" /><testcase classname="tests.test_court_backend.TestTrialTurn" name="test_turn_even_round_grants_evidence" time="15.050" /><testcase classname="tests.test_court_backend.TestWitnessResolve" name="test_resolve_even_round_grants_evidence" time="14.557" /><testcase classname="tests.test_court_backend.TestTrialTurn" name="test_empty_message_rejected" time="0.153" /><testcase classname="tests.test_court_backend.TestTrialTurn" name="test_turn_requires_auth" time="0.114" /><testcase classname="tests.test_court_backend.TestSaveLoad" name="test_save_current_delete" time="0.853" /><testcase classname="tests.test_court_backend.TestGoogleRemoved" name="test_google_session_endpoint_gone" time="0.124" /><testcase classname="tests.test_court_backend.TestCompleteStats" name="test_complete_and_stats" time="0.377" /><testcase classname="tests.test_court_backend.TestWitnessResolve" name="test_compute_suspicion_waytooasy_witness_math" time="0.000" /><testcase classname="tests.test_court_backend.TestEvidencePresentation" name="test_presenting_with_evidence_works" time="16.915" /><testcase classname="tests.test_court_backend.TestEvidencePresentation" name="test_presenting_without_evidence_ignored" time="16.381" /></testsuite></testsuites>