<?xml version="1.0" encoding="utf-8"?><testsuites name="pytest tests"><testsuite name="pytest" errors="0" failures="1" skipped="0" tests="16" time="38.712" timestamp="2026-08-09T09:41:07.366409+00:00" hostname="agent-env-dc9584fe-6a9c-41ce-a0f9-7d7501c7c05e"><testcase classname="tests.test_court_backend.TestAuth" name="test_register_new_user" time="0.658"><failure message="AssertionError: assert 'test_c9cbe845@test.com' == 'TEST_c9cbe845@test.com'&#10;  &#10;  - TEST_c9cbe845@test.com&#10;  ? ^^^^&#10;  + test_c9cbe845@test.com&#10;  ? ^^^^">backend/tests/test_court_backend.py:41: in test_register_new_user
    assert data["user"]["email"] == email
E   AssertionError: assert 'test_c9cbe845@test.com' == 'TEST_c9cbe845@test.com'
E     
E     - TEST_c9cbe845@test.com
E     ? ^^^^
E     + test_c9cbe845@test.com
E     ? ^^^^</failure></testcase><testcase classname="tests.test_court_backend.TestTrialTurn" name="test_turn_medium_returns_all_fields" time="15.752" /><testcase classname="tests.test_court_backend.TestAuth" name="test_login_existing_user" time="0.358" /><testcase classname="tests.test_court_backend.TestAuth" name="test_login_invalid_password" time="0.322" /><testcase classname="tests.test_court_backend.TestAuth" name="test_me_returns_user" time="0.458" /><testcase classname="tests.test_court_backend.TestAuth" name="test_me_without_token" time="0.118" /><testcase classname="tests.test_court_backend.TestBalance" name="test_compute_suspicion_medium" time="0.001" /><testcase classname="tests.test_court_backend.TestBalance" name="test_compute_suspicion_waytooasy" time="0.000" /><testcase classname="tests.test_court_backend.TestBalance" name="test_compute_suspicion_impossible" time="0.000" /><testcase classname="tests.test_court_backend.TestEvidencePresentation" name="test_presenting_with_evidence_works" time="17.904" /><testcase classname="tests.test_court_backend.TestTrialTurn" name="test_turn_even_round_grants_evidence" time="15.325" /><testcase classname="tests.test_court_backend.TestEvidencePresentation" name="test_presenting_without_evidence_ignored" time="17.467" /><testcase classname="tests.test_court_backend.TestTrialTurn" name="test_empty_message_rejected" time="0.157" /><testcase classname="tests.test_court_backend.TestTrialTurn" name="test_turn_requires_auth" time="0.120" /><testcase classname="tests.test_court_backend.TestSaveLoad" name="test_save_current_delete" time="0.609" /><testcase classname="tests.test_court_backend.TestCompleteStats" name="test_complete_and_stats" time="0.324" /></testsuite></testsuites>